
<dict>
	cocos2d.x.version: quick-cocos2d-x 2.2.5
	cocos2d.x.compiled_with_profiler: false
	cocos2d.x.compiled_with_gl_state_cache: true
	gl.vendor: Intel
	gl.renderer: Intel(R) HD Graphics 4600
	gl.version: 4.2.0 - Build 10.18.10.3643
	gl.max_texture_size: 16384
	gl.max_texture_units: 192
	gl.supports_PVRTC: false
	gl.supports_NPOT: true
	gl.supports_BGRA8888: false
	gl.supports_discard_framebuffer: false
	gl.supports_vertex_array_object: true
</dict>
------------------------------------------------
LOAD LUA FILE: scripts/main.lua
------------------------------------------------
lua_loadChunksFromZIP() - load zip file: E:\SVN\Go\trunk\Go\MD5tools\res/framework_precompiled.zip
lua_loadChunksFromZIP() - loaded chunks count: 108
[0.0949] [INFO] 
[0.0956] [INFO] # DEBUG                        = 1
[0.0961] [INFO] #
[0.0967] [INFO] # device.platform              = windows
[0.0971] [INFO] # device.model                 = unknown
[0.0975] [INFO] # device.language              = cn
[0.0979] [INFO] # device.writablePath          = .\
[0.0983] [INFO] # device.cachePath             = .\
[0.0987] [INFO] # device.directorySeparator    = \
[0.0990] [INFO] # device.pathSeparator         = ;
[0.0993] [INFO] #
[0.1006] [INFO] # CONFIG_SCREEN_AUTOSCALE      = FIXED_WIDTH
[0.1008] [INFO] # CONFIG_SCREEN_WIDTH          = 640.00
[0.1012] [INFO] # CONFIG_SCREEN_HEIGHT         = 960.00
[0.1016] [INFO] # display.widthInPixels        = 640.00
[0.1020] [INFO] # display.heightInPixels       = 960.00
[0.1024] [INFO] # display.contentScaleFactor   = 1.00
[0.1027] [INFO] # display.width                = 640.00
[0.1032] [INFO] # display.height               = 960.00
[0.1035] [INFO] # display.cx                   = 320.00
[0.1041] [INFO] # display.cy                   = 480.00
[0.1046] [INFO] # display.left                 = 0.00
[0.1051] [INFO] # display.right                = 640.00
[0.1055] [INFO] # display.top                  = 960.00
[0.1062] [INFO] # display.bottom               = 0.00
[0.1094] [INFO] # display.c_left               = -320.00
[0.1097] [INFO] # display.c_right              = 320.00
[0.1100] [INFO] # display.c_top                = 480.00
[0.1103] [INFO] # display.c_bottom             = -480.00
[0.1107] [INFO] #
[0.5178] dirLine  522"
[0.5182] char------5
[0.5186] char------2
[0.5189] char------2
[0.5193] version  0.0.1.522
[0.5197] dirLine  522"
[0.5199] char------5
[0.5203] char------2
[0.5206] char------2
[0.5209] version  0.0.1.522
[0.5213] dirLine  522"
[0.5215] char------5
[0.5218] char------2
[0.5222] char------2
[0.5230] version  0.0.1.522
